[debug] [2018-07-04T13:40:49.005Z] ----------------------------------------------------------------------
[debug] [2018-07-04T13:40:49.020Z] Command:       C:\Program Files\nodejs\node.exe C:\Users\ASUS\AppData\Roaming\npm\node_modules\firebase-tools\bin\firebase serve
[debug] [2018-07-04T13:40:49.020Z] CLI Version:   3.19.3
[debug] [2018-07-04T13:40:49.020Z] Platform:      win32
[debug] [2018-07-04T13:40:49.020Z] Node Version:  v8.11.3
[debug] [2018-07-04T13:40:49.020Z] Time:          Wed Jul 04 2018 14:40:49 GMT+0100 (Paris, Madrid)
[debug] [2018-07-04T13:40:49.020Z] ----------------------------------------------------------------------
[debug] 
[debug] [2018-07-04T13:40:49.037Z] > command requires scopes: ["email","openid","https://www.googleapis.com/auth/cloudplatformprojects.readonly","https://www.googleapis.com/auth/firebase","https://www.googleapis.com/auth/cloud-platform"]
[debug] [2018-07-04T13:40:49.038Z] > authorizing via signed-in user
[debug] [2018-07-04T13:40:49.041Z] >>> HTTP REQUEST GET https://admin.firebase.com/v1/projects/friendly-chat-9482e  
  
 Wed Jul 04 2018 14:40:49 GMT+0100 (Paris, Madrid)
[debug] [2018-07-04T13:40:49.812Z] <<< HTTP RESPONSE 200
[debug] [2018-07-04T13:40:49.813Z] >>> HTTP REQUEST GET https://admin.firebase.com/v1/database/friendly-chat-9482e/tokens  
  
 Wed Jul 04 2018 14:40:49 GMT+0100 (Paris, Madrid)
[debug] [2018-07-04T13:40:50.551Z] <<< HTTP RESPONSE 200
[debug] [2018-07-04T13:40:50.552Z] >>> HTTP REQUEST GET https://cloudresourcemanager.googleapis.com/v1/projects/friendly-chat-9482e  
  
 Wed Jul 04 2018 14:40:50 GMT+0100 (Paris, Madrid)
[debug] [2018-07-04T13:40:51.482Z] <<< HTTP RESPONSE 200
[info] 
[info] === Serving from 'C:\Users\ASUS\Desktop\firebase project\friendlychat-web\web-start'...
[info] 
[info] i  functions: Preparing to emulate functions.
[debug] [2018-07-04T13:40:53.061Z] Fetching environment
[debug] [2018-07-04T13:40:53.061Z] >>> HTTP REQUEST GET https://mobilesdk-pa.googleapis.com/v1/projects/914466166048:getServerAppConfig  
  
 Wed Jul 04 2018 14:40:53 GMT+0100 (Paris, Madrid)
[debug] [2018-07-04T13:40:53.061Z] >>> HTTP REQUEST GET https://mobilesdk-pa.googleapis.com/v1/projects/914466166048/clients/_:getWebAppConfig  
  
 Wed Jul 04 2018 14:40:53 GMT+0100 (Paris, Madrid)
[debug] [2018-07-04T13:40:53.619Z] <<< HTTP RESPONSE 200
[debug] [2018-07-04T13:40:53.620Z] Starting @google-cloud/functions-emulator
[debug] [2018-07-04T13:40:53.837Z] <<< HTTP RESPONSE 200
[info] i  hosting: Serving hosting files from: ./
[info] +  hosting: Local server: http://localhost:5000

[debug] [2018-07-04T13:40:56.981Z] Parsing function triggers
[info] i  functions: No HTTPS functions found. Use firebase functions:shell if you would like to emulate other types of functions.
